c:\users\twong\documents\github\klhack2019\kl_hackthon-master\sample code\djivideoparser\debug\pch.pch
c:\users\twong\documents\github\klhack2019\kl_hackthon-master\sample code\djivideoparser\debug\vc141.pdb
c:\users\twong\documents\github\klhack2019\kl_hackthon-master\sample code\djivideoparser\debug\vc141.idb
c:\users\twong\documents\github\klhack2019\kl_hackthon-master\sample code\djivideoparser\debug\pch.obj
c:\users\twong\documents\github\klhack2019\kl_hackthon-master\sample code\djivideoparser\debug\utils.obj
c:\users\twong\documents\github\klhack2019\kl_hackthon-master\sample code\djivideoparser\debug\videowrapper.obj
c:\users\twong\documents\github\klhack2019\kl_hackthon-master\sample code\djivideoparser\debug\modulemediator.obj
c:\users\twong\documents\github\klhack2019\kl_hackthon-master\sample code\djivideoparser\debug\videoparsermgr.obj
c:\users\twong\documents\github\klhack2019\kl_hackthon-master\sample code\djivideoparser\debug\videoparser.obj
c:\users\twong\documents\github\klhack2019\kl_hackthon-master\sample code\djivideoparser\debug\queue.obj
c:\users\twong\documents\github\klhack2019\kl_hackthon-master\sample code\djivideoparser\debug\parser.obj
c:\users\twong\documents\github\klhack2019\kl_hackthon-master\sample code\djivideoparser\debug\h264_decoder.obj
c:\users\twong\documents\github\klhack2019\kl_hackthon-master\sample code\debug\djivideoparser\djivideoparser.winmd
c:\users\twong\documents\github\klhack2019\kl_hackthon-master\sample code\debug\djivideoparser\djivideoparser.lib
c:\users\twong\documents\github\klhack2019\kl_hackthon-master\sample code\debug\djivideoparser\djivideoparser.exp
c:\users\twong\documents\github\klhack2019\kl_hackthon-master\sample code\djivideoparser\debug\djivideoparser.vcxprojassemblyreference.cache
c:\users\twong\documents\github\klhack2019\kl_hackthon-master\sample code\djivideoparser\debug\priconfig.xml
c:\users\twong\documents\github\klhack2019\kl_hackthon-master\sample code\djivideoparser\debug\priconfig.xml.intermediate
c:\users\twong\documents\github\klhack2019\kl_hackthon-master\sample code\djivideoparser\debug\unfiltered.layout.resfiles
c:\users\twong\documents\github\klhack2019\kl_hackthon-master\sample code\djivideoparser\debug\unfiltered.layout.resfiles.intermediate
c:\users\twong\documents\github\klhack2019\kl_hackthon-master\sample code\djivideoparser\debug\filtered.layout.resfiles
c:\users\twong\documents\github\klhack2019\kl_hackthon-master\sample code\djivideoparser\debug\filtered.layout.resfiles.intermediate
c:\users\twong\documents\github\klhack2019\kl_hackthon-master\sample code\djivideoparser\debug\excluded.layout.resfiles
c:\users\twong\documents\github\klhack2019\kl_hackthon-master\sample code\djivideoparser\debug\excluded.layout.resfiles.intermediate
c:\users\twong\documents\github\klhack2019\kl_hackthon-master\sample code\djivideoparser\debug\resources.resfiles
c:\users\twong\documents\github\klhack2019\kl_hackthon-master\sample code\djivideoparser\debug\resources.resfiles.intermediate
c:\users\twong\documents\github\klhack2019\kl_hackthon-master\sample code\djivideoparser\debug\pri.resfiles
c:\users\twong\documents\github\klhack2019\kl_hackthon-master\sample code\djivideoparser\debug\pri.resfiles.intermediate
c:\users\twong\documents\github\klhack2019\kl_hackthon-master\sample code\debug\djivideoparser\djivideoparser.pri
c:\users\twong\documents\github\klhack2019\kl_hackthon-master\sample code\djivideoparser\debug\qualifiers.txt
c:\users\twong\documents\github\klhack2019\kl_hackthon-master\sample code\djivideoparser\debug\qualifiers.txt.intermediate
c:\users\twong\documents\github\klhack2019\kl_hackthon-master\sample code\djivideoparser\debug\multiplequalifiersperdimensionfound.txt
c:\users\tony\desktop\kl_hackthon-master\sample code\debug\djivideoparser\djivideoparser.ilk
c:\users\tony\desktop\kl_hackthon-master\sample code\debug\djivideoparser\djivideoparser.dll
c:\users\tony\desktop\kl_hackthon-master\sample code\debug\djivideoparser\djivideoparser.winmd
c:\users\tony\desktop\kl_hackthon-master\sample code\debug\djivideoparser\djivideoparser.pdb
d:\klhack2019\kl_hackthon-master\sample code\debug\djivideoparser\djivideoparser.ilk
d:\klhack2019\kl_hackthon-master\sample code\debug\djivideoparser\djivideoparser.dll
d:\klhack2019\kl_hackthon-master\sample code\debug\djivideoparser\djivideoparser.pdb
c:\users\twong\documents\github\klhack2019\kl_hackthon-master\sample code\debug\djivideoparser\djivideoparser.dll
c:\users\twong\documents\github\klhack2019\kl_hackthon-master\sample code\debug\djivideoparser\djivideoparser.ilk
c:\users\twong\documents\github\klhack2019\kl_hackthon-master\sample code\debug\djivideoparser\djivideoparser.pdb
c:\users\twong\documents\github\klhack2019\kl_hackthon-master\sample code\djivideoparser\debug\djivideoparser.tlog\cl.command.1.tlog
c:\users\twong\documents\github\klhack2019\kl_hackthon-master\sample code\djivideoparser\debug\djivideoparser.tlog\cl.read.1.tlog
c:\users\twong\documents\github\klhack2019\kl_hackthon-master\sample code\djivideoparser\debug\djivideoparser.tlog\cl.write.1.tlog
c:\users\twong\documents\github\klhack2019\kl_hackthon-master\sample code\djivideoparser\debug\djivideoparser.tlog\djivideoparser.read.1u.tlog
c:\users\twong\documents\github\klhack2019\kl_hackthon-master\sample code\djivideoparser\debug\djivideoparser.tlog\djivideoparser.write.1u.tlog
c:\users\twong\documents\github\klhack2019\kl_hackthon-master\sample code\djivideoparser\debug\djivideoparser.tlog\link.command.1.tlog
c:\users\twong\documents\github\klhack2019\kl_hackthon-master\sample code\djivideoparser\debug\djivideoparser.tlog\link.read.1.tlog
c:\users\twong\documents\github\klhack2019\kl_hackthon-master\sample code\djivideoparser\debug\djivideoparser.tlog\link.write.1.tlog
